d:\skola\2rocnik4rok\aus\aus_vs2022\aus_vs2022\x64\debug\vc143.pdb
d:\skola\2rocnik4rok\aus\aus_vs2022\aus_vs2022\x64\debug\.netframework,version=v4.7.2.assemblyattributes.obj
d:\skola\2rocnik4rok\aus\aus_vs2022\aus_vs2022\x64\debug\vector_test.obj
d:\skola\2rocnik4rok\aus\aus_vs2022\aus_vs2022\x64\debug\tree_test.obj
d:\skola\2rocnik4rok\aus\aus_vs2022\aus_vs2022\x64\debug\test.obj
d:\skola\2rocnik4rok\aus\aus_vs2022\aus_vs2022\x64\debug\table_test.obj
d:\skola\2rocnik4rok\aus\aus_vs2022\aus_vs2022\x64\debug\sorting_test.obj
d:\skola\2rocnik4rok\aus\aus_vs2022\aus_vs2022\x64\debug\stdvector_test.obj
d:\skola\2rocnik4rok\aus\aus_vs2022\aus_vs2022\x64\debug\stack_test.obj
d:\skola\2rocnik4rok\aus\aus_vs2022\aus_vs2022\x64\debug\queue_test.obj
d:\skola\2rocnik4rok\aus\aus_vs2022\aus_vs2022\x64\debug\priority_queue_test.obj
d:\skola\2rocnik4rok\aus\aus_vs2022\aus_vs2022\x64\debug\matrix_test.obj
d:\skola\2rocnik4rok\aus\aus_vs2022\aus_vs2022\x64\debug\list_test.obj
d:\skola\2rocnik4rok\aus\aus_vs2022\aus_vs2022\x64\debug\array_test.obj
d:\skola\2rocnik4rok\aus\aus_vs2022\aus_vs2022\x64\debug\logger.obj
d:\skola\2rocnik4rok\aus\aus_vs2022\aus_vs2022\x64\debug\file_log_consumer.obj
d:\skola\2rocnik4rok\aus\aus_vs2022\aus_vs2022\x64\debug\vector.obj
d:\skola\2rocnik4rok\aus\aus_vs2022\aus_vs2022\x64\debug\utils.obj
d:\skola\2rocnik4rok\aus\aus_vs2022\aus_vs2022\x64\debug\structure.obj
d:\skola\2rocnik4rok\aus\aus_vs2022\aus_vs2022\x64\debug\main_form.obj
d:\skola\2rocnik4rok\aus\aus_vs2022\aus_vs2022\x64\debug\gui_log_consumer.obj
d:\skola\2rocnik4rok\aus\aus_vs2022\aus_vs2022\x64\debug\auslite.gui.main_form.resources
d:\skola\2rocnik4rok\aus\aus_vs2022\aus_vs2022\x64\debug\datastructures.exe
d:\skola\2rocnik4rok\aus\aus_vs2022\aus_vs2022\x64\debug\datastructures.pdb
d:\skola\2rocnik4rok\aus\aus_vs2022\aus_vs2022\x64\debug\datastructures.exe.metagen
d:\skola\2rocnik4rok\aus\aus_vs2022\aus_vs2022\x64\debug\datastructures.tlog\cl.command.1.tlog
d:\skola\2rocnik4rok\aus\aus_vs2022\aus_vs2022\x64\debug\datastructures.tlog\cl.read.1.tlog
d:\skola\2rocnik4rok\aus\aus_vs2022\aus_vs2022\x64\debug\datastructures.tlog\cl.write.1.tlog
d:\skola\2rocnik4rok\aus\aus_vs2022\aus_vs2022\x64\debug\datastructures.tlog\datastructures.write.1u.tlog
d:\skola\2rocnik4rok\aus\aus_vs2022\aus_vs2022\x64\debug\datastructures.tlog\link.command.1.tlog
d:\skola\2rocnik4rok\aus\aus_vs2022\aus_vs2022\x64\debug\datastructures.tlog\link.read.1.tlog
d:\skola\2rocnik4rok\aus\aus_vs2022\aus_vs2022\x64\debug\datastructures.tlog\link.write.1.tlog
d:\skola\2rocnik4rok\aus\aus_vs2022\aus_vs2022\x64\debug\datastructures.tlog\metagen.read.1.tlog
d:\skola\2rocnik4rok\aus\aus_vs2022\aus_vs2022\x64\debug\datastructures.tlog\metagen.write.1.tlog
